drocon-pwa/app/build/outputs/mapping/release/seeds.txt
com.bb999.drocon.LauncherActivity
com.bb999.drocon.Application
com.bb999.drocon.DelegationService
com.bb999.drocon.Application: Application()
com.bb999.drocon.DelegationService: DelegationService()
com.bb999.drocon.LauncherActivity: LauncherActivity()
...
com.meta.horizon.platform.ovr.enums.ProductType: com.meta.horizon.platform.ovr.enums.ProductType[] values()
com.meta.horizon.platform.ovr.models.Purchase: java.lang.String nativeGetSKU(long)
android.support.v4.app.RemoteActionCompatParcelizer: RemoteActionCompatParcelizer()
android.support.v4.app.RemoteActionCompatParcelizer: void write(androidx.core.app.RemoteActionCompat,androidx.versionedparcelable.VersionedParcel)
com.meta.horizon.platform.ovr.Core: long nativeGetLoggedInUserID()
com.meta.androidbrowserhelper.trusted.ManageDataLauncherActivity: ManageDataLauncherActivity()
com.meta.horizon.platform.ovr.models.PurchaseArray: long nativeGetElement(long,int)
com.meta.horizon.platform.ovr.models.Product: java.lang.String nativeGetFormattedPrice(long)
androidx.core.graphics.drawable.IconCompatParcelizer: IconCompatParcelizer()
com.meta.horizon.platform.ovr.Message: long nativeGetPurchase(long)
com.meta.horizon.platform.ovr.enums.PlatformInitializeResult: com.meta.horizon.platform.ovr.enums.PlatformInitializeResult[] values()
com.meta.horizon.platform.ovr.models.Purchase: java.lang.String nativeGetReportingId(long)
android.support.v4.app.RemoteActionCompatParcelizer: androidx.core.app.RemoteActionCompat read(androidx.versionedparcelable.VersionedParcel)
com.meta.androidbrowserhelper.trusted.WebViewFallbackActivity: WebViewFallbackActivity()
com.meta.horizon.platform.ovr.models.Product: long nativeGetPrice(long)
com.meta.horizon.platform.ovr.models.Product: java.lang.String nativeGetSKU(long)
androidx.core.app.RemoteActionCompatParcelizer: void write(androidx.core.app.RemoteActionCompat,androidx.versionedparcelable.VersionedParcel)
com.meta.horizon.platform.ovr.models.Price: java.lang.String nativeGetCurrency(long)
com.meta.horizon.platform.ovr.models.Purchase: java.lang.String nativeGetDeveloperPayload(long)
androidx.browser.browseractions.BrowserActionsFallbackMenuView: BrowserActionsFallbackMenuView(android.content.Context,android.util.AttributeSet)
com.meta.horizon.platform.ovr.Message: void nativeFreeMessage(long)
com.meta.horizon.platform.ovr.Message: long nativeGetRequestId(long)
com.meta.horizon.platform.ovr.models.ProductArray: java.lang.String nativeGetNextUrl(long)
androidx.core.graphics.drawable.IconCompatParcelizer: androidx.core.graphics.drawable.IconCompat read(androidx.versionedparcelable.VersionedParcel)
com.meta.horizon.platform.ovr.models.Product: int nativeGetType(long)
com.meta.horizon.platform.ovr.models.ProductArray: long nativeGetSize(long)
androidx.core.graphics.drawable.IconCompatParcelizer: void write(androidx.core.graphics.drawable.IconCompat,androidx.versionedparcelable.VersionedParcel)
androidx.core.content.FileProvider: FileProvider()
com.meta.horizon.platform.ovr.enums.PlatformInitializeResult: com.meta.horizon.platform.ovr.enums.PlatformInitializeResult valueOf(java.lang.String)
com.meta.horizon.platform.ovr.Message: long nativeGetProductArray(long)
com.meta.horizon.platform.ovr.models.UserAccountAgeCategory: int nativeGetAgeCategory(long)
android.support.v4.graphics.drawable.IconCompatParcelizer: void write(androidx.core.graphics.drawable.IconCompat,androidx.versionedparcelable.VersionedParcel)
com.meta.horizon.platform.ovr.models.Product: java.lang.String nativeGetName(long)
android.support.v4.graphics.drawable.IconCompatParcelizer: androidx.core.graphics.drawable.IconCompat read(androidx.versionedparcelable.VersionedParcel)
com.meta.horizon.platform.ovr.models.PurchaseArray: long nativeGetSize(long)
androidx.core.app.RemoteActionCompatParcelizer: RemoteActionCompatParcelizer()
com.meta.horizon.platform.ovr.models.Purchase: long nativeGetExpirationTime(long)
android.support.v4.graphics.drawable.IconCompatParcelizer: IconCompatParcelizer()
com.meta.horizon.platform.ovr.models.Product: java.lang.String nativeGetDescription(long)
androidx.core.graphics.drawable.IconCompat: IconCompat()
com.meta.horizon.platform.ovr.Core: long nativeAsyncInitialize(java.lang.String,android.content.Context)