drocon-pwa/app/build/outputs/mapping/release/mapping.txt
# compiler: R8
# compiler_version: 8.5.10
# min_api: 23
# common_typos_disable
# {"id":"com.android.tools.r8.mapping","version":"2.2"}
# pg_map_id: 665d8e1
# pg_map_hash: SHA-256 665d8e1efb9ec0a09aec6cbbd66dbebc6ccff62e46cb0cdb60ee2132a5a66e07
com.bb999.drocon.Application -> com.bb999.drocon.Application:
# {"id":"sourceFile","fileName":"Application.java"}
com.bb999.drocon.DelegationService -> com.bb999.drocon.DelegationService:
# {"id":"sourceFile","fileName":"DelegationService.java"}
com.bb999.drocon.LauncherActivity -> com.bb999.drocon.LauncherActivity:
# {"id":"sourceFile","fileName":"LauncherActivity.java"}
    1:1:android.net.Uri getLaunchingUrl():0:0 -> h
...
com.meta.androidbrowserhelper.trusted.PrefUtils -> p.z:
# {"id":"sourceFile","fileName":"PrefUtils.java"}
    1:12:android.content.SharedPreferences getAppSharedPreferences(android.content.Context):0:0 -> a
    1:12:boolean hasRequestedNotificationPermission(android.content.Context):0:0 -> b
    1:19:void setHasRequestedNotificationPermission(android.content.Context):0:0 -> c
com.meta.androidbrowserhelper.trusted.QualityEnforcer -> p.C:
# {"id":"sourceFile","fileName":"QualityEnforcer.java"}
    com.meta.androidbrowserhelper.trusted.QualityEnforcer$Delegate mDelegate -> a
      # {"id":"com.android.tools.r8.residualsignature","signature":"Lp/C$a;"}
    1:11:void <init>():0:0 -> <init>
    3:40:android.os.Bundle extraCallbackWithResult(java.lang.String,android.os.Bundle):0:0 -> b
    1:1:void p.QualityEnforcer.$r8$lambda$BGhcPnQ1mms8te-W42actHanxfk(java.lang.String):0:0 -> g
      # {"id":"com.android.tools.r8.synthesized"}
    1:1:void p.QualityEnforcer.$r8$lambda$fE77PezkG7oK4Z-QCT4ag8L2QBg(java.lang.String):0:0 -> h
      # {"id":"com.android.tools.r8.synthesized"}
    1:18:void lambda$new$1(java.lang.String):0:0 -> i
    1:6:void lambda$null$0(java.lang.String):0:0 -> j
com.meta.androidbrowserhelper.trusted.QualityEnforcer$$ExternalSyntheticLambda0 -> p.A:
# {"id":"sourceFile","fileName":"R8$$SyntheticClass"}
# {"id":"com.android.tools.r8.synthesized"}
    1:1:void p.QualityEnforcer$$ExternalSyntheticLambda0.<init>():0:0 -> <init>
      # {"id":"com.android.tools.r8.synthesized"}
    1:1:void p.QualityEnforcer$$ExternalSyntheticLambda0.crash(java.lang.String):0:0 -> a
      # {"id":"com.android.tools.r8.synthesized"}
com.meta.androidbrowserhelper.trusted.QualityEnforcer$$ExternalSyntheticLambda1 -> p.B:
# {"id":"sourceFile","fileName":"R8$$SyntheticClass"}
# {"id":"com.android.tools.r8.synthesized"}
    java.lang.String com.meta.androidbrowserhelper.trusted.QualityEnforcer$$InternalSyntheticLambda$3$c062c019d733dd554d3b762d9d688785d20ae31c8823ededc5343bfb9ad63063$0.f$0 -> a
      # {"id":"com.android.tools.r8.synthesized"}
    1:1:void p.QualityEnforcer$$ExternalSyntheticLambda1.<init>(java.lang.String):0:0 -> <init>
      # {"id":"com.android.tools.r8.synthesized"}
    1:1:void p.QualityEnforcer$$ExternalSyntheticLambda1.run():0:0 -> run
      # {"id":"com.android.tools.r8.synthesized"}
com.meta.androidbrowserhelper.trusted.QualityEnforcer$Delegate -> p.C$a:
# {"id":"sourceFile","fileName":"QualityEnforcer.java"}
    void crash(java.lang.String) -> a
com.meta.androidbrowserhelper.trusted.SharedPreferencesTokenStore -> p.D:
# {"id":"sourceFile","fileName":"SharedPreferencesTokenStore.java"}
    android.content.Context mContext -> a
    1:10:void <init>(android.content.Context):0:0 -> <init>
    1:40:void store(androidx.browser.trusted.Token):0:0 -> a
      # {"id":"com.android.tools.r8.residualsignature","signature":"(Lf/j;)V"}
    1:26:androidx.browser.trusted.Token load():0:0 -> b
      # {"id":"com.android.tools.r8.residualsignature","signature":"()Lf/j;"}
com.meta.androidbrowserhelper.trusted.SharingUtils -> p.E:
# {"id":"sourceFile","fileName":"SharingUtils.java"}
    1:25:boolean isShareIntent(android.content.Intent):0:0 -> a
    1:42:java.util.List parseAcceptedTypes(java.lang.Object):0:0 -> b
    5:52:java.util.List parseFiles(org.json.JSONArray):0:0 -> c
    1:63:androidx.browser.trusted.sharing.ShareTarget parseShareTargetJson(java.lang.String):0:0 -> d
      # {"id":"com.android.tools.r8.residualsignature","signature":"(Ljava/lang/String;)Lg/b;"}
    1:57:androidx.browser.trusted.sharing.ShareData retrieveShareDataFromIntent(android.content.Intent):0:0 -> e
      # {"id":"com.android.tools.r8.residualsignature","signature":"(Landroid/content/Intent;)Lg/a;"}