drocon-pwa/app/build/outputs/mapping/release/usage.txt
com.bb999.drocon.R$bool
com.bb999.drocon.R$color
com.bb999.drocon.R$drawable
com.bb999.drocon.R$integer
com.bb999.drocon.R$mipmap
com.bb999.drocon.R$raw
com.bb999.drocon.R$string
com.bb999.drocon.R$xml
com.bb999.drocon.R
...
kotlin.internal.PlatformDependent
kotlin.internal.PlatformImplementations$ReflectAddSuppressedMethod
kotlin.internal.PlatformImplementations
kotlin.internal.PlatformImplementationsKt
kotlin.internal.ProgressionUtilKt
kotlin.internal.PureReifiable
kotlin.internal.RequireKotlin
kotlin.internal.RequireKotlinVersionKind
kotlin.internal.UProgressionUtilKt
kotlin.internal.jdk7.JDK7PlatformImplementations
kotlin.internal.jdk8.JDK8PlatformImplementations
kotlin.io.AccessDeniedException
kotlin.io.ByteStreamsKt$iterator$1
kotlin.io.ByteStreamsKt
kotlin.io.CloseableKt
kotlin.io.ConsoleKt$decoder$2
kotlin.io.ConsoleKt
kotlin.io.ConstantsKt
kotlin.io.ExceptionsKt
kotlin.io.FileAlreadyExistsException
kotlin.io.FilePathComponents
kotlin.io.FileSystemException
kotlin.io.FileTreeWalk$DirectoryState
kotlin.io.FileTreeWalk$FileTreeWalkIterator$BottomUpDirectoryState
kotlin.io.FileTreeWalk$FileTreeWalkIterator$SingleFileState
kotlin.io.FileTreeWalk$FileTreeWalkIterator$TopDownDirectoryState
kotlin.io.FileTreeWalk$FileTreeWalkIterator$WhenMappings
kotlin.io.FileTreeWalk$FileTreeWalkIterator
kotlin.io.FileTreeWalk$WalkState
kotlin.io.FileTreeWalk
kotlin.io.FileWalkDirection
kotlin.io.FilesKt
kotlin.io.FilesKt__FilePathComponentsKt
kotlin.io.FilesKt__FileReadWriteKt$readLines$1
kotlin.io.FilesKt__FileReadWriteKt
kotlin.io.FilesKt__FileTreeWalkKt
kotlin.io.FilesKt__UtilsKt$copyRecursively$1
kotlin.io.FilesKt__UtilsKt$copyRecursively$2
kotlin.io.FilesKt__UtilsKt
kotlin.io.LinesSequence$iterator$1
kotlin.io.LinesSequence
kotlin.io.NoSuchFileException
kotlin.io.OnErrorAction
kotlin.io.SerializableKt
kotlin.io.TerminateException
kotlin.io.TextStreamsKt$readLines$1
kotlin.io.TextStreamsKt
kotlin.jdk7.AutoCloseableKt
kotlin.js.JsName
kotlin.jvm.JvmClassMappingKt
kotlin.jvm.JvmDefault
kotlin.jvm.JvmField
kotlin.jvm.JvmMultifileClass
kotlin.jvm.JvmName
kotlin.jvm.JvmOverloads
kotlin.jvm.JvmPackageName
kotlin.jvm.JvmStatic
kotlin.jvm.JvmSuppressWildcards
kotlin.jvm.JvmSynthetic
kotlin.jvm.JvmWildcard
kotlin.jvm.KotlinReflectionNotSupportedError
kotlin.jvm.PurelyImplements
kotlin.jvm.Strictfp
kotlin.jvm.Synchronized
kotlin.jvm.Throws
kotlin.jvm.Transient
kotlin.jvm.Volatile
kotlin.jvm.functions.Function0
kotlin.jvm.functions.Function10
kotlin.jvm.functions.Function11
kotlin.jvm.functions.Function12
kotlin.jvm.functions.Function13
kotlin.jvm.functions.Function14
kotlin.jvm.functions.Function15
kotlin.jvm.functions.Function16
kotlin.jvm.functions.Function17
kotlin.jvm.functions.Function18
kotlin.jvm.functions.Function19
kotlin.jvm.functions.Function1
kotlin.jvm.functions.Function20
kotlin.jvm.functions.Function21
kotlin.jvm.functions.Function22
kotlin.jvm.functions.Function2
kotlin.jvm.functions.Function3
kotlin.jvm.functions.Function4
kotlin.jvm.functions.Function5
kotlin.jvm.functions.Function6
kotlin.jvm.functions.Function7
kotlin.jvm.functions.Function8
kotlin.jvm.functions.Function9
kotlin.jvm.functions.FunctionN
kotlin.jvm.internal.ArrayBooleanIterator
kotlin.jvm.internal.ArrayByteIterator
kotlin.jvm.internal.ArrayCharIterator
kotlin.jvm.internal.ArrayDoubleIterator
kotlin.jvm.internal.ArrayFloatIterator
kotlin.jvm.internal.ArrayIntIterator
kotlin.jvm.internal.ArrayIterator
kotlin.jvm.internal.ArrayIteratorKt
kotlin.jvm.internal.ArrayIteratorsKt
kotlin.jvm.internal.ArrayLongIterator
kotlin.jvm.internal.ArrayShortIterator
kotlin.jvm.internal.BooleanCompanionObject
kotlin.jvm.internal.BooleanSpreadBuilder
kotlin.jvm.internal.ByteCompanionObject
kotlin.jvm.internal.ByteSpreadBuilder
kotlin.jvm.internal.CallableReference$NoReceiver
kotlin.jvm.internal.CallableReference
kotlin.jvm.internal.CharCompanionObject
kotlin.jvm.internal.CharSpreadBuilder
kotlin.jvm.internal.ClassBasedDeclarationContainer
kotlin.jvm.internal.ClassReference
kotlin.jvm.internal.CollectionToArray
kotlin.jvm.internal.DefaultConstructorMarker
kotlin.jvm.internal.DoubleCompanionObject
kotlin.jvm.internal.DoubleSpreadBuilder
kotlin.jvm.internal.EnumCompanionObject